<?xml version="1.0" encoding="UTF-8"?>
<testng-results ignored="0" total="1" passed="1" failed="0" skipped="0">
  <reporter-output>
  </reporter-output>
  <suite started-at="2021-04-26T13:28:11 CDT" name="paraBankingV1" finished-at="2021-04-26T13:28:30 CDT" duration-ms="18712">
    <groups>
    </groups>
    <test started-at="2021-04-26T13:28:11 CDT" name="BankingApp Test" finished-at="2021-04-26T13:28:30 CDT" duration-ms="18712">
      <class name="com.paraBank.testCases.TC_LoginTest_001">
        <test-method is-config="true" signature="setup(java.lang.String)[pri:0, instance:com.paraBank.testCases.TC_LoginTest_001@687e99d8]" started-at="2021-04-26T13:28:11 CDT" name="setup" finished-at="2021-04-26T13:28:19 CDT" duration-ms="7234" status="PASS">
          <params>
            <param index="0">
              <value>
                <![CDATA[chrome]]>
              </value>
            </param>
          </params>
          <reporter-output>
          </reporter-output>
        </test-method> <!-- setup -->
        <test-method signature="loginTest()[pri:0, instance:com.paraBank.testCases.TC_LoginTest_001@687e99d8]" started-at="2021-04-26T13:28:19 CDT" name="loginTest" finished-at="2021-04-26T13:28:29 CDT" duration-ms="10782" status="PASS">
          <reporter-output>
          </reporter-output>
        </test-method> <!-- loginTest -->
        <test-method is-config="true" signature="tearDown()[pri:0, instance:com.paraBank.testCases.TC_LoginTest_001@687e99d8]" started-at="2021-04-26T13:28:29 CDT" name="tearDown" finished-at="2021-04-26T13:28:30 CDT" duration-ms="666" status="PASS">
          <reporter-output>
          </reporter-output>
        </test-method> <!-- tearDown -->
      </class> <!-- com.paraBank.testCases.TC_LoginTest_001 -->
    </test> <!-- BankingApp Test -->
  </suite> <!-- paraBankingV1 -->
</testng-results>
