<?xml version="1.0" encoding="UTF-8"?>
<testng-results ignored="0" total="1" passed="1" failed="0" skipped="0">
  <reporter-output>
  </reporter-output>
  <suite started-at="2021-04-16T17:35:41 CDT" name="Default suite" finished-at="2021-04-16T17:35:56 CDT" duration-ms="15451">
    <groups>
    </groups>
    <test started-at="2021-04-16T17:35:41 CDT" name="Default test" finished-at="2021-04-16T17:35:56 CDT" duration-ms="15451">
      <class name="com.paraBank.testCases.TC_LoginTest_001">
        <test-method is-config="true" signature="setup()[pri:0, instance:com.paraBank.testCases.TC_LoginTest_001@96def03]" started-at="2021-04-16T17:35:41 CDT" name="setup" finished-at="2021-04-16T17:35:45 CDT" duration-ms="4207" status="PASS">
          <reporter-output>
          </reporter-output>
        </test-method> <!-- setup -->
        <test-method signature="loginTest()[pri:0, instance:com.paraBank.testCases.TC_LoginTest_001@96def03]" started-at="2021-04-16T17:35:45 CDT" name="loginTest" finished-at="2021-04-16T17:35:56 CDT" duration-ms="11053" status="PASS">
          <reporter-output>
          </reporter-output>
        </test-method> <!-- loginTest -->
        <test-method is-config="true" signature="tearDown()[pri:0, instance:com.paraBank.testCases.TC_LoginTest_001@96def03]" started-at="2021-04-16T17:35:56 CDT" name="tearDown" finished-at="2021-04-16T17:35:56 CDT" duration-ms="151" status="PASS">
          <reporter-output>
          </reporter-output>
        </test-method> <!-- tearDown -->
      </class> <!-- com.paraBank.testCases.TC_LoginTest_001 -->
    </test> <!-- Default test -->
  </suite> <!-- Default suite -->
</testng-results>
